[    0.000000] Initializing cgroup subsys cpuset
[    0.000000] Initializing cgroup subsys cpu
[    0.000000] Initializing cgroup subsys cpuacct
[    0.000000] Linux version 4.4.0-116-generic (buildd@lgw01-amd64-023) (gcc version 5.4.0 20160609 (Ubuntu 5.4.0-6ubuntu1~16.04.9) ) #140-Ubuntu SMP Mon Feb 12 21:22:43 UTC 2018 (Ubuntu 4.4.0-116.140-generic 4.4.98)
[    0.000000] KERNEL supported cpus:
[    0.000000]   Intel GenuineIntel
[    0.000000]   AMD AuthenticAMD
[    0.000000]   NSC Geode by NSC
[    0.000000]   Cyrix CyrixInstead
[    0.000000]   Centaur CentaurHauls
[    0.000000]   Transmeta GenuineTMx86
[    0.000000]   Transmeta TransmetaCPU
[    0.000000]   UMC UMC UMC UMC
[    0.000000] x86/fpu: Legacy x87 FPU detected.
[    0.000000] x86/fpu: Using 'lazy' FPU context switches.
[    0.000000] e820: BIOS-provided physical RAM map:
[    0.000000] BIOS-e820: [mem 0x0000000000000000-0x000000000009fbff] usable
[    0.000000] BIOS-e820: [mem 0x000000000009fc00-0x000000000009ffff] reserved
[    0.000000] BIOS-e820: [mem 0x00000000000f0000-0x00000000000fffff] reserved
[    0.000000] BIOS-e820: [mem 0x0000000000100000-0x000000003ffeffff] usable
[    0.000000] BIOS-e820: [mem 0x000000003fff0000-0x000000003fffffff] ACPI data
[    0.000000] BIOS-e820: [mem 0x00000000fffc0000-0x00000000ffffffff] reserved
[    0.000000] NX (Execute Disable) protection: active
[    0.000000] SMBIOS 2.5 present.
[    0.000000] Hypervisor detected: KVM
[    0.000000] e820: last_pfn = 0x3fff0 max_arch_pfn = 0x1000000
[    0.000000] MTRR: Disabled
[    0.000000] x86/PAT: MTRRs disabled, skipping PAT initialization too.
[    0.000000] CPU MTRRs all blank - virtualized system.
[    0.000000] x86/PAT: Configuration [0-7]: WB  WT  UC- UC  WB  WT  UC- UC  
[    0.000000] found SMP MP-table at [mem 0x0009fff0-0x0009ffff] mapped at [c009fff0]
[    0.000000] Scanning 1 areas for low memory corruption
[    0.000000] RAMDISK: [mem 0x36344000-0x37199fff]
[    0.000000] ACPI: Early table checksum verification disabled
[    0.000000] ACPI: RSDP 0x00000000000E0000 000024 (v02 VBOX  )
[    0.000000] ACPI: XSDT 0x000000003FFF0030 00003C (v01 VBOX   VBOXXSDT 00000001 ASL  00000061)
[    0.000000] ACPI: FACP 0x000000003FFF00F0 0000F4 (v04 VBOX   VBOXFACP 00000001 ASL  00000061)
[    0.000000] ACPI: DSDT 0x000000003FFF0470 001CEB (v01 VBOX   VBOXBIOS 00000002 INTL 20100528)
[    0.000000] ACPI: FACS 0x000000003FFF0200 000040
[    0.000000] ACPI: FACS 0x000000003FFF0200 000040
[    0.000000] ACPI: APIC 0x000000003FFF0240 000054 (v02 VBOX   VBOXAPIC 00000001 ASL  00000061)
[    0.000000] ACPI: SSDT 0x000000003FFF02A0 0001CC (v01 VBOX   VBOXCPUT 00000002 INTL 20100528)
[    0.000000] 131MB HIGHMEM available.
[    0.000000] 891MB LOWMEM available.
[    0.000000]   mapped low ram: 0 - 37bfe000
[    0.000000]   low ram: 0 - 37bfe000
[    0.000000] kvm-clock: Using msrs 4b564d01 and 4b564d00
[    0.000000] kvm-clock: cpu 0, msr 0:37bfd001, primary cpu clock
[    0.000000] kvm-clock: using sched offset of 4465703190 cycles
[    0.000000] clocksource: kvm-clock: mask: 0xffffffffffffffff max_cycles: 0x1cd42e4dffb, max_idle_ns: 881590591483 ns
[    0.000000] Zone ranges:
[    0.000000]   DMA      [mem 0x0000000000001000-0x0000000000ffffff]
[    0.000000]   Normal   [mem 0x0000000001000000-0x0000000037bfdfff]
[    0.000000]   HighMem  [mem 0x0000000037bfe000-0x000000003ffeffff]
[    0.000000] Movable zone start for each node
[    0.000000] Early memory node ranges
[    0.000000]   node   0: [mem 0x0000000000001000-0x000000000009efff]
[    0.000000]   node   0: [mem 0x0000000000100000-0x000000003ffeffff]
[    0.000000] Initmem setup node 0 [mem 0x0000000000001000-0x000000003ffeffff]
[    0.000000] Using APIC driver default
[    0.000000] ACPI: PM-Timer IO Port: 0x4008
[    0.000000] IOAPIC[0]: apic_id 1, version 17, address 0xfec00000, GSI 0-23
[    0.000000] ACPI: INT_SRC_OVR (bus 0 bus_irq 0 global_irq 2 dfl dfl)
[    0.000000] ACPI: INT_SRC_OVR (bus 0 bus_irq 9 global_irq 9 high level)
[    0.000000] Using ACPI (MADT) for SMP configuration information
[    0.000000] smpboot: Allowing 1 CPUs, 0 hotplug CPUs
[    0.000000] PM: Registered nosave memory: [mem 0x00000000-0x00000fff]
[    0.000000] PM: Registered nosave memory: [mem 0x0009f000-0x0009ffff]
[    0.000000] PM: Registered nosave memory: [mem 0x000a0000-0x000effff]
[    0.000000] PM: Registered nosave memory: [mem 0x000f0000-0x000fffff]
[    0.000000] e820: [mem 0x40000000-0xfffbffff] available for PCI devices
[    0.000000] Booting paravirtualized kernel on KVM
[    0.000000] clocksource: refined-jiffies: mask: 0xffffffff max_cycles: 0xffffffff, max_idle_ns: 7645519600211568 ns
[    0.000000] setup_percpu: NR_CPUS:8 nr_cpumask_bits:8 nr_cpu_ids:1 nr_node_ids:1
[    0.000000] PERCPU: Embedded 19 pages/cpu @f71c3000 s47436 r0 d30388 u77824
[    0.000000] PV qspinlock hash table entries: 512 (order: 0, 4096 bytes)
[    0.000000] Built 1 zonelists in Zone order, mobility grouping on.  Total pages: 259800
[    0.000000] Kernel command line: BOOT_IMAGE=/boot/vmlinuz-4.4.0-116-generic root=UUID=ce13037b-8c46-45e6-b59a-8990ae7ebc63 ro console=tty1 console=ttyS0
[    0.000000] PID hash table entries: 4096 (order: 2, 16384 bytes)
[    0.000000] Dentry cache hash table entries: 131072 (order: 7, 524288 bytes)
[    0.000000] Inode-cache hash table entries: 65536 (order: 6, 262144 bytes)
[    0.000000] Initializing CPU#0
[    0.000000] Initializing HighMem for node 0 (00037bfe:0003fff0)
[    0.000000] Initializing Movable for node 0 (00000000:00000000)
[    0.000000] Memory: 1008256K/1048120K available (8007K kernel code, 781K rwdata, 3172K rodata, 948K init, 800K bss, 39864K reserved, 0K cma-reserved, 135112K highmem)
[    0.000000] virtual kernel memory layout:
[    0.000000]     fixmap  : 0xfff15000 - 0xfffff000   ( 936 kB)
[    0.000000]     pkmap   : 0xffc00000 - 0xffe00000   (2048 kB)
[    0.000000]     vmalloc : 0xf83fe000 - 0xffbfe000   ( 120 MB)
[    0.000000]     lowmem  : 0xc0000000 - 0xf7bfe000   ( 891 MB)
[    0.000000]       .init : 0xc1bb2000 - 0xc1c9f000   ( 948 kB)
[    0.000000]       .data : 0xc17d2134 - 0xc1bb0780   (3961 kB)
[    0.000000]       .text : 0xc1000000 - 0xc17d2134   (8008 kB)
[    0.000000] Checking if this processor honours the WP bit even in supervisor mode...Ok.
[    0.000000] SLUB: HWalign=64, Order=0-3, MinObjects=0, CPUs=1, Nodes=1
[    0.000000] Hierarchical RCU implementation.
[    0.000000] 	Build-time adjustment of leaf fanout to 32.
[    0.000000] 	RCU restricting CPUs from NR_CPUS=8 to nr_cpu_ids=1.
[    0.000000] RCU: Adjusting geometry for rcu_fanout_leaf=32, nr_cpu_ids=1
[    0.000000] NR_IRQS:2304 nr_irqs:256 16
[    0.000000] Console: colour VGA+ 80x25
[    0.000000] console [tty1] enabled
[    0.000000] console [ttyS0] enabled
[    0.000000] allocated 1048576 bytes of page_ext
[    0.000000] tsc: Detected 2526.954 MHz processor
[    7.809194] Calibrating delay loop (skipped) preset value.. 5053.90 BogoMIPS (lpj=10107816)
[    7.925330] pid_max: default: 32768 minimum: 301
[    7.991969] ACPI: Core revision 20150930
[    8.012110] ACPI: 2 ACPI AML tables successfully acquired and loaded
[    8.074158] Security Framework initialized
[    8.132911] Yama: becoming mindful.
[    8.192142] AppArmor: AppArmor initialized
[    8.195941] Mount-cache hash table entries: 2048 (order: 1, 8192 bytes)
[    8.278199] Mountpoint-cache hash table entries: 2048 (order: 1, 8192 bytes)
[    8.350244] Initializing cgroup subsys io
[    8.379810] Initializing cgroup subsys memory
[    8.435998] Initializing cgroup subsys devices
[    8.477484] Initializing cgroup subsys freezer
[    8.527969] Initializing cgroup subsys net_cls
[    8.573260] Initializing cgroup subsys perf_event
[    8.616834] Initializing cgroup subsys net_prio
[    8.663997] Initializing cgroup subsys hugetlb
[    8.720066] Initializing cgroup subsys pids
[    8.782796] FEATURE SPEC_CTRL Not Present
[    8.836163] mce: CPU supports 0 MCE banks
[    8.880538] process: using mwait in idle threads
[    8.937073] Last level iTLB entries: 4KB 128, 2MB 4, 4MB 4
[    9.014139] Last level dTLB entries: 4KB 256, 2MB 0, 4MB 32, 1GB 0
[    9.043141] Spectre V2 mitigation: Mitigation: Full generic retpoline
[    9.109992] Spectre V2 mitigation: Speculation control IBPB not-supported IBRS not-supported
[    9.820236] Freeing SMP alternatives memory: 28K
[    9.902288] ftrace: allocating 31457 entries in 62 pages
[   10.076604] smpboot: APIC(0) Converting physical 0 to logical package 0
[   10.159069] smpboot: Max logical packages: 1
[   10.178548] Enabling APIC mode:  Flat.  Using 1 I/O APICs
[   10.246249] ..TIMER: vector=0x30 apic1=0 pin1=2 apic2=-1 pin2=-1
[   10.414891] smpboot: CPU0: Intel(R) Core(TM)2 Duo CPU     T9400  @ 2.53GHz (family: 0x6, model: 0x17, stepping: 0xa)
[   10.549592] Performance Events: unsupported p6 CPU model 23 no PMU driver, software events only.
[   10.643804] KVM setup paravirtual spinlock
[   10.692623] x86: Booted up 1 node, 1 CPUs
[   10.736705] smpboot: Total of 1 processors activated (5053.90 BogoMIPS)
[   10.796039] devtmpfs: initialized
[   10.833118] evm: security.selinux
[   10.864218] evm: security.SMACK64
[   10.887219] evm: security.SMACK64EXEC
[   10.923232] evm: security.SMACK64TRANSMUTE
[   10.976307] evm: security.SMACK64MMAP
[   11.010840] evm: security.ima
[   11.043673] evm: security.capability
[   11.084116] clocksource: jiffies: mask: 0xffffffff max_cycles: 0xffffffff, max_idle_ns: 7645041785100000 ns
[   11.171270] futex hash table entries: 256 (order: 2, 16384 bytes)
[   11.231149] pinctrl core: initialized pinctrl subsystem
[   11.272222] RTC time:  8:02:47, date: 03/03/18
[   11.311723] NET: Registered protocol family 16
[   11.349943] EISA bus registered
[   11.376894] cpuidle: using governor ladder
[   11.424459] cpuidle: using governor menu
[   11.462363] PCCT header not found.
[   11.498488] ACPI: bus type PCI registered
[   11.567534] acpiphp: ACPI Hot Plug PCI Controller Driver version: 0.5
[   11.651156] PCI : PCI BIOS area is rw and x. Use pci=nobios if you want it NX.
[   11.730087] PCI: PCI BIOS revision 2.10 entry at 0xfda26, last bus=0
[   11.796580] PCI: Using configuration type 1 for base access
[   11.868121] ACPI: Added _OSI(Module Device)
[   11.903041] ACPI: Added _OSI(Processor Device)
[   11.945465] ACPI: Added _OSI(3.0 _SCP Extensions)
[   11.988973] ACPI: Added _OSI(Processor Aggregator Device)
[   12.066846] ACPI: Executed 1 blocks of module-level executable AML code
[   12.137344] ACPI: Interpreter enabled
[   12.183438] ACPI: (supports S0 S5)
[   12.208982] ACPI: Using IOAPIC for interrupt routing
[   12.270372] PCI: Using host bridge windows from ACPI; if necessary, use "pci=nocrs" and report a bug
[   12.349998] ACPI: PCI Root Bridge [PCI0] (domain 0000 [bus 00-ff])
[   12.381912] acpi PNP0A03:00: _OSC: OS supports [ASPM ClockPM Segments MSI]
[   12.435728] acpi PNP0A03:00: _OSC failed (AE_NOT_FOUND); disabling ASPM
[   12.507294] acpi PNP0A03:00: fail to add MMCONFIG information, can't access extended PCI configuration space under this bridge.
[   12.610329] PCI host bridge to bus 0000:00
[   12.631545] pci_bus 0000:00: root bus resource [io  0x0000-0x0cf7 window]
[   12.685213] pci_bus 0000:00: root bus resource [io  0x0d00-0xffff window]
[   12.746981] pci_bus 0000:00: root bus resource [mem 0x000a0000-0x000bffff window]
[   12.858897] pci_bus 0000:00: root bus resource [mem 0x40000000-0xffdfffff window]
[   12.926362] pci_bus 0000:00: root bus resource [bus 00-ff]
[   12.978577] pci 0000:00:01.1: legacy IDE quirk: reg 0x10: [io  0x01f0-0x01f7]
[   13.078861] pci 0000:00:01.1: legacy IDE quirk: reg 0x14: [io  0x03f6]
[   13.143759] pci 0000:00:01.1: legacy IDE quirk: reg 0x18: [io  0x0170-0x0177]
[   13.212858] pci 0000:00:01.1: legacy IDE quirk: reg 0x1c: [io  0x0376]
[   13.329873] ACPI: PCI Interrupt Link [LNKA] (IRQs 5 9 10 11) *0, disabled.
[   13.407502] ACPI: PCI Interrupt Link [LNKB] (IRQs 5 9 10 *11)
[   13.462414] ACPI: PCI Interrupt Link [LNKC] (IRQs 5 9 *10 11)
[   13.514618] ACPI: PCI Interrupt Link [LNKD] (IRQs 5 *9 10 11)
[   13.580313] ACPI: Enabled 2 GPEs in block 00 to 07
[   13.635286] vgaarb: setting as boot device: PCI:0000:00:02.0
[   13.692802] vgaarb: device added: PCI:0000:00:02.0,decodes=io+mem,owns=io+mem,locks=none
[   13.771072] vgaarb: loaded
[   13.805107] vgaarb: bridge control possible 0000:00:02.0
[   13.861380] SCSI subsystem initialized
[   13.894863] ACPI: bus type USB registered
[   13.938844] usbcore: registered new interface driver usbfs
[   13.994878] usbcore: registered new interface driver hub
[   14.062987] usbcore: registered new device driver usb
[   14.113368] PCI: Using ACPI for IRQ routing
[   14.147117] NetLabel: Initializing
[   14.186724] NetLabel:  domain hash size = 128
[   14.232878] NetLabel:  protocols = UNLABELED CIPSOv4
[   14.281977] NetLabel:  unlabeled traffic allowed by default
[   14.333497] amd_nb: Cannot enumerate AMD northbridges
[   14.385100] clocksource: Switched to clocksource kvm-clock
[   14.466469] AppArmor: AppArmor Filesystem Enabled
[   14.516557] pnp: PnP ACPI init
[   14.560620] pnp: PnP ACPI: found 3 devices
[   14.603079] PnPBIOS: Disabled by ACPI PNP
[   14.676685] clocksource: acpi_pm: mask: 0xffffff max_cycles: 0xffffff, max_idle_ns: 2085701024 ns
[   14.759091] NET: Registered protocol family 2
[   14.796029] TCP established hash table entries: 8192 (order: 3, 32768 bytes)
[   14.864685] TCP bind hash table entries: 8192 (order: 4, 65536 bytes)
[   14.922277] TCP: Hash tables configured (established 8192 bind 8192)
[   14.985769] UDP hash table entries: 512 (order: 2, 16384 bytes)
[   15.008459] UDP-Lite hash table entries: 512 (order: 2, 16384 bytes)
[   15.082297] NET: Registered protocol family 1
[   15.143972] pci 0000:00:00.0: Limiting direct PCI/PCI transfers
[   15.179406] pci 0000:00:01.0: Activating ISA DMA hang workarounds
[   15.258517] Unpacking initramfs...
[   15.714733] Freeing initrd memory: 14680K
[   15.761929] platform rtc_cmos: registered platform RTC device (no PNP device found)
[   15.830421] Scanning for low memory corruption every 60 seconds
[   15.897302] audit: initializing netlink subsys (disabled)
[   15.967138] audit: type=2000 audit(1520064165.584:1): initialized
[   16.037710] Initialise system trusted keyring
[   16.097296] HugeTLB registered 2 MB page size, pre-allocated 0 pages
[   16.166128] zbud: loaded
[   16.195223] VFS: Disk quotas dquot_6.6.0
[   16.216179] VFS: Dquot-cache hash table entries: 1024 (order 0, 4096 bytes)
[   16.280893] squashfs: version 4.0 (2009/01/31) Phillip Lougher
[   16.339333] fuse init (API version 7.23)
[   16.376923] Key type big_key registered
[   16.408176] Allocating IMA MOK and blacklist keyrings.
[   16.452791] Key type asymmetric registered
[   16.492660] Asymmetric key parser 'x509' registered
[   16.540879] bounce: pool size: 64 pages
[   16.600809] Block layer SCSI generic (bsg) driver version 0.4 loaded (major 249)
[   16.670020] io scheduler noop registered
[   16.710128] io scheduler deadline registered (default)
[   16.742811] io scheduler cfq registered
[   16.783703] tsc: Refined TSC clocksource calibration: 2528.244 MHz
[   16.861587] clocksource: tsc: mask: 0xffffffffffffffff max_cycles: 0x24717323070, max_idle_ns: 440795304330 ns
[   16.970933] pci_hotplug: PCI Hot Plug PCI Core version: 0.5
[   17.024854] pciehp: PCI Express Hot Plug Controller Driver version: 0.4
[   17.091741] ACPI: AC Adapter [AC] (on-line)
[   17.142913] input: Power Button as /devices/LNXSYSTM:00/LNXPWRBN:00/input/input0
[   17.221860] ACPI: Power Button [PWRF]
[   17.263400] input: Sleep Button as /devices/LNXSYSTM:00/LNXSLPBN:00/input/input1
[   17.343825] ACPI: Sleep Button [SLPF]
[   17.347461] GHES: HEST is not enabled!
[   17.393306] isapnp: Scanning for PnP cards...
[   17.425584] Serial: 8250/16550 driver, 32 ports, IRQ sharing enabled
[   17.453670] 00:02: ttyS0 at I/O 0x3f8 (irq = 4, base_baud = 115200) is a 16550A
[   17.505795] Linux agpgart interface v0.103
[   17.525794] loop: module loaded
[   17.530481] scsi host0: ata_piix
[   17.620559] scsi host1: ata_piix
[   17.702007] ata1: PATA max UDMA/33 cmd 0x1f0 ctl 0x3f6 bmdma 0xd000 irq 14
[   17.793095] ata2: PATA max UDMA/33 cmd 0x170 ctl 0x376 bmdma 0xd008 irq 15
[   17.970546] libphy: Fixed MDIO Bus: probed
[   18.065613] tun: Universal TUN/TAP device driver, 1.6
[   18.114456] tun: (C) 1999-2004 Max Krasnyansky <maxk@qualcomm.com>
[   18.213177] isapnp: No Plug & Play device found
[   18.268064] PPP generic driver version 2.4.2
[   18.296545] ehci_hcd: USB 2.0 'Enhanced' Host Controller (EHCI) Driver
[   18.347134] ehci-pci: EHCI PCI platform driver
[   18.409027] ehci-platform: EHCI generic platform driver
[   18.459502] ohci_hcd: USB 1.1 'Open' Host Controller (OHCI) Driver
[   18.505119] ohci-pci: OHCI PCI platform driver
[   18.551990] ohci-platform: OHCI generic platform driver
[   18.610105] uhci_hcd: USB Universal Host Controller Interface driver
[   18.686272] i8042: PNP: PS/2 Controller [PNP0303:PS2K,PNP0f03:PS2M] at 0x60,0x64 irq 1,12
[   18.751234] serio: i8042 KBD port at 0x60,0x64 irq 1
[   18.793012] serio: i8042 AUX port at 0x60,0x64 irq 12
[   18.850839] mousedev: PS/2 mouse device common for all mice
[   18.904575] input: AT Translated Set 2 keyboard as /devices/platform/i8042/serio0/input/input2
[   19.000280] rtc_cmos rtc_cmos: rtc core: registered rtc_cmos as rtc0
[   19.054099] rtc_cmos rtc_cmos: alarms up to one day, 114 bytes nvram
[   19.095604] i2c /dev entries driver
[   19.128280] device-mapper: uevent: version 1.0.3
[   19.178774] device-mapper: ioctl: 4.34.0-ioctl (2015-10-28) initialised: dm-devel@redhat.com
[   19.255091] platform eisa.0: Probing EISA bus 0
[   19.258251] platform eisa.0: EISA: Cannot allocate resource for mainboard
[   19.296190] platform eisa.0: Cannot allocate resource for EISA slot 1
[   19.372237] platform eisa.0: Cannot allocate resource for EISA slot 2
[   19.419178] platform eisa.0: Cannot allocate resource for EISA slot 3
[   19.488731] platform eisa.0: Cannot allocate resource for EISA slot 4
[   19.545723] platform eisa.0: Cannot allocate resource for EISA slot 5
[   19.629272] platform eisa.0: Cannot allocate resource for EISA slot 6
[   19.700756] platform eisa.0: Cannot allocate resource for EISA slot 7
[   19.778295] platform eisa.0: Cannot allocate resource for EISA slot 8
[   19.843324] platform eisa.0: EISA: Detected 0 cards
[   19.886718] cpufreq-nforce2: No nForce2 chipset.
[   19.931127] ledtrig-cpu: registered to indicate activity on CPUs
[   19.987048] NET: Registered protocol family 10
[   20.034080] NET: Registered protocol family 17
[   20.076221] Key type dns_resolver registered
[   20.113919] microcode: CPU0 sig=0x1067a, pf=0x40, revision=0x60b
[   20.190898] microcode: Microcode Update Driver: v2.01 <tigran@aivazian.fsnet.co.uk>, Peter Oruba
[   20.257570] Using IPI No-Shortcut mode
[   20.298944] registered taskstats version 1
[   20.332681] Loading compiled-in X.509 certificates
[   20.398196] Loaded X.509 cert 'Build time autogenerated kernel key: ff54afc682e3d37ddd1801097f0724ac37994f02'
[   20.501330] zswap: loaded using pool lzo/zbud
[   20.557008] Key type trusted registered
[   20.634796] Key type encrypted registered
[   20.696834] AppArmor: AppArmor sha1 policy hashing enabled
[   20.752364] ima: No TPM chip found, activating TPM-bypass!
[   20.807918] evm: HMAC attrs: 0x1
[   20.836652]   Magic number: 10:14:17
[   20.881425] rtc_cmos rtc_cmos: setting system clock to 2018-03-03 08:02:57 UTC (1520064177)
[   20.953280] BIOS EDD facility v0.16 2004-Jun-25, 0 devices found
[   21.014482] EDD information not available.
[   21.077591] Freeing unused kernel memory: 948K
[   21.137350] Write protecting the kernel text: 8012k
[   21.197317] Write protecting the kernel read-only data: 3176k
[   21.248056] NX-protecting the kernel data: 6324k
Loading, please wait...
starting version[   21.502192] random: systemd-udevd: uninitialized urandom read (16 bytes read, 5 bits of entropy available)
 229
[   21.625010] random: udevadm: uninitialized urandom read (16 bytes read, 5 bits of entropy available)
[   21.722286] random: systemd-udevd: uninitialized urandom read (16 bytes read, 5 bits of entropy available)
[   21.867456] random: udevadm: uninitialized urandom read (16 bytes read, 5 bits of entropy available)
[   21.962441] random: systemd-udevd: uninitialized urandom read (16 bytes read, 5 bits of entropy available)
[   22.055641] random: udevadm: uninitialized urandom read (16 bytes read, 5 bits of entropy available)
[   22.196735] random: udevadm: uninitialized urandom read (16 bytes read, 5 bits of entropy available)
[   22.325697] random: udevadm: uninitialized urandom read (16 bytes read, 5 bits of entropy available)
[   22.452389] random: udevadm: uninitialized urandom read (16 bytes read, 5 bits of entropy available)
[   22.562902] random: udevadm: uninitialized urandom read (16 bytes read, 5 bits of entropy available)
[   22.862123] Fusion MPT base driver 3.04.20
[   22.914482] Copyright (c) 1999-2008 LSI Corporation
[   22.993405] e1000: Intel(R) PRO/1000 Network Driver - version 7.3.21-k8-NAPI
[   23.073294] e1000: Copyright (c) 1999-2006 Intel Corporation.
[   23.341902] Fusion MPT SPI Host driver 3.04.20
[   23.392553] input: ImExPS/2 Generic Explorer Mouse as /devices/platform/i8042/serio1/input/input4
[   23.946631] e1000 0000:00:03.0 eth0: (PCI:33MHz:32-bit) 02:57:70:43:80:c6
[   23.999125] e1000 0000:00:03.0 eth0: Intel(R) PRO/1000 Network Connection
[   24.061559] mptbase: ioc0: Initiating bringup
[   24.169757] ioc0: LSI53C1030 A0: Capabilities={Initiator}
[   24.399988] scsi host2: ioc0: LSI53C1030 A0, FwRev=00000000h, Ports=1, MaxQ=256, IRQ=20
[   24.604056] scsi 2:0:0:0: Direct-Access     VBOX     HARDDISK         1.0  PQ: 0 ANSI: 5
[   24.694881] scsi target2:0:0: Beginning Domain Validation
[   24.815767] scsi target2:0:0: Domain Validation skipping write tests
[   24.887778] scsi target2:0:0: Ending Domain Validation
[   25.018865] scsi target2:0:0: asynchronous
[   25.084660] scsi 2:0:1:0: Direct-Access     VBOX     HARDDISK         1.0  PQ: 0 ANSI: 5
[   25.218092] scsi target2:0:1: Beginning Domain Validation
[   25.397377] scsi target2:0:1: Domain Validation skipping write tests
[   25.477369] scsi target2:0:1: Ending Domain Validation
[   25.527467] scsi target2:0:1: asynchronous
[   25.591121] e1000 0000:00:08.0 eth1: (PCI:33MHz:32-bit) 08:00:27:84:7c:53
[   25.666895] e1000 0000:00:08.0 eth1: Intel(R) PRO/1000 Network Connection
[   25.730688] e1000 0000:00:08.0 enp0s8: renamed from eth1
[   25.790937] e1000 0000:00:03.0 enp0s3: renamed from eth0
[   25.861134] sd 2:0:0:0: Attached scsi generic sg0 type 0
[   25.907530] sd 2:0:0:0: [sda] 20971520 512-byte logical blocks: (10.7 GB/10.0 GiB)
[   25.976141] sd 2:0:1:0: [sdb] 20480 512-byte logical blocks: (10.5 MB/10.0 MiB)
[   26.036394] sd 2:0:1:0: Attached scsi generic sg1 type 0
[   26.088991] sd 2:0:0:0: [sda] Write Protect is off
[   26.109603] sd 2:0:0:0: [sda] Incomplete mode parameter data
[   26.136874] sd 2:0:0:0: [sda] Assuming drive cache: write through
[   26.185361] sd 2:0:1:0: [sdb] Write Protect is off
[   26.211971] sd 2:0:1:0: [sdb] Incomplete mode parameter data
[   26.297386] sd 2:0:1:0: [sdb] Assuming drive cache: write through
[   26.356422] floppy0: no floppy controllers found
[   26.422815]  sda: sda1
[   26.445450] sd 2:0:1:0: [sdb] Attached SCSI disk
[   26.506432] sd 2:0:0:0: [sda] Attached SCSI disk
Begin: Loading essential drivers ... [   29.161365] md: linear personality registered for level -1
[   29.258526] md: multipath personality registered for level -4
[   29.385362] md: raid0 personality registered for level 0
[   29.536007] md: raid1 personality registered for level 1
[   29.733384] raid6: mmxx1    gen()  3000 MB/s
[   29.825392] raid6: mmxx2    gen()  3424 MB/s
[   29.945397] raid6: sse1x1   gen()  2028 MB/s
[   30.037431] raid6: sse1x2   gen()  2664 MB/s
[   30.145451] raid6: sse2x1   gen()  3497 MB/s
[   30.261450] raid6: sse2x1   xor()  4026 MB/s
[   30.389486] raid6: sse2x2   gen()  4035 MB/s
[   30.497481] raid6: sse2x2   xor()  4771 MB/s
[   30.541679] raid6: using algorithm sse2x2 gen() 4035 MB/s
[   30.549569] raid6: .... xor() 4771 MB/s, rmw enabled
[   30.611591] raid6: using ssse3x1 recovery algorithm
[   30.703189] xor: measuring software checksum speed
[   30.813528]    pIII_sse  :  8755.000 MB/sec
[   30.905534]    prefetch64-sse:  9816.000 MB/sec
[   30.951413] xor: using function: prefetch64-sse (9816.000 MB/sec)
[   31.021803] async_tx: api initialized (async)
[   31.216513] md: raid6 personality registered for level 6
[   31.289190] md: raid5 personality registered for level 5
[   31.353787] md: raid4 personality registered for level 4
[   31.548252] md: raid10 personality registered for level 10
done.
Begin: Running /scripts/init-premount ... done.
Begin: Mounting root file system ... Begin: Running /scripts/local-top ... done.
Begin: Running /scripts/local-premount ... [   31.893856] Btrfs loaded
Scanning for Btrfs filesystems
done.
Warning: fsck not present, so skipping root file system
[   32.337358] EXT4-fs (sda1): mounted filesystem with ordered data mode. Opts: (null)
done.
Begin: Running /scripts/local-bottom ... done.
Begin: Running /scripts/init-bottom ... done.
[   32.970590] random: nonblocking pool is initialized
[   33.472348] systemd[1]: systemd 229 running in system mode. (+PAM +AUDIT +SELINUX +IMA +APPARMOR +SMACK +SYSVINIT +UTMP +LIBCRYPTSETUP +GCRYPT +GNUTLS +ACL +XZ -LZ4 +SECCOMP +BLKID +ELFUTILS +KMOD -IDN)
[   33.658350] systemd[1]: Detected virtualization oracle.
[   33.690498] systemd[1]: Detected architecture x86.

Welcome to [1mUbuntu 16.04.3 LTS[0m!

[   33.875083] systemd[1]: Set hostname to <ubuntu-xenial>.
[   36.088964] systemd[1]: Reached target Swap.
[[0;32m  OK  [0m] Reached target Swap.
[   36.163635] systemd[1]: Listening on LVM2 poll daemon socket.
[[0;32m  OK  [0m] Listening on LVM2 poll daemon socket.
[   36.211257] systemd[1]: Listening on Journal Audit Socket.
[[0;32m  OK  [0m] Listening on Journal Audit Socket.
[   36.275765] systemd[1]: Listening on Journal Socket.
[[0;32m  OK  [0m] Listening on Journal Socket.
[   36.318116] systemd[1]: Started Trigger resolvconf update for networkd DNS.
[[0;32m  OK  [0m] Started Trigger resolvconf update for networkd DNS.
[   36.482232] systemd[1]: Created slice User and Session Slice.
[[0;32m  OK  [0m] Created slice User and Session Slice.
[   36.601846] systemd[1]: Set up automount Arbitrary Executable File Formats File System Automount Point.
[[0;32m  OK  [0m] Set up automount Arbitrary Executab...ats File System Automount Point.
[   36.742170] systemd[1]: Listening on Device-mapper event daemon FIFOs.
[[0;32m  OK  [0m] Listening on Device-mapper event daemon FIFOs.
[   36.821331] systemd[1]: Reached target User and Group Name Lookups.
[[0;32m  OK  [0m] Reached target User and Group Name Lookups.
[   36.961478] systemd[1]: Started Forward Password Requests to Wall Directory Watch.
[[0;32m  OK  [0m] Started Forward Password Requests to Wall Directory Watch.
[   37.075595] systemd[1]: Listening on Journal Socket (/dev/log).
[[0;32m  OK  [0m] Listening on Journal Socket (/dev/log).
[   37.083608] systemd[1]: Reached target Encrypted Volumes.
[[0;32m  OK  [0m] Reached target Encrypted Volumes.
[   37.094450] systemd[1]: Created slice System Slice.
[[0;32m  OK  [0m] Created slice System Slice.
[   37.106447] systemd[1]: Starting Set console keymap...
         Starting Set console keymap...
[   37.127223] systemd[1]: Mounting Huge Pages File System...
         Mounting Huge Pages File System...
[   37.162703] systemd[1]: Starting Uncomplicated firewall...
         Starting Uncomplicated firewall...
[   37.322263] systemd[1]: Mounting POSIX Message Queue File System...
         Mounting POSIX Message Queue File System...
[   37.470937] systemd[1]: Starting Nameserver information manager...
         Starting Nameserver information manager...
[   37.625170] systemd[1]: Created slice system-serial\x2dgetty.slice.
[[0;32m  OK  [0m] Created slice system-serial\x2dgetty.slice.
[   37.848708] systemd[1]: Starting Load Kernel Modules...
         Starting Load Kernel Modules...
[   37.972324] systemd[1]: Mounting Debug File System...
         Mounting Debug File System...
[   38.161963] systemd[1]: Starting Create list of required static device nodes for the current kernel...
[   38.260299] Loading iSCSI transport class v2.0-870.
         Starting Create list of required st... nodes for the current ker[   38.406816] iscsi: registered transport (tcp)
nel...
[   38.498094] systemd[1]: Listening on LVM2 metadata daemon socket.
[[0;32m  OK  [0m] Listening on LVM2 metadata daemon socket.
[   38.664025] systemd[1]: Starting Monitoring of LVM2 mirrors, snapshots etc. using dmeventd or progress polling...
         Starting Monitoring of LVM2 mirrors... dmeventd [   38.910734] iscsi: registered transport (iser)
or progress polling...
[   38.984510] systemd[1]: Reached target Slices.
[[0;32m  OK  [0m] Reached target Slices.
[   39.000416] systemd[1]: Listening on udev Kernel Socket.
[[0;32m  OK  [0m] Listening on udev Kernel Socket.
[   39.048820] systemd[1]: Listening on udev Control Socket.
[[0;32m  OK  [0m] Listening on udev Control Socket.
[   39.067389] systemd[1]: Starting Remount Root and Kernel File Systems...
         Starting Remount Root and Kernel[   39.136016] EXT4-fs (sda1): re-mounted. Opts: (null)
 File Systems...
[   39.242522] systemd[1]: Listening on /dev/initctl Compatibility Named Pipe.
[[0;32m  OK  [0m] Listening on /dev/initctl Compatibility Named Pipe.
[   39.402120] systemd[1]: Listening on Syslog Socket.
[[0;32m  OK  [0m] Listening on Syslog Socket.
[   39.503906] systemd[1]: Starting Journal Service...
         Starting Journal Service...
[   39.637863] systemd[1]: Mounted Debug File System.
[[0;32m  OK  [0m] Mounted Debug File System.
[   39.690824] systemd[1]: Mounted POSIX Message Queue File System.
[[0;32m  OK  [0m] Mounted POSIX Message Queue File System.
[   39.699884] systemd[1]: Mounted Huge Pages File System.
[[0;32m  OK  [0m] Mounted Huge Pages File System.
[   39.708875] systemd[1]: Started Set console keymap.
[[0;32m  OK  [0m] Started Set console keymap.
[   39.718026] systemd[1]: Started Uncomplicated firewall.
[[0;32m  OK  [0m] Started Uncomplicated firewall.
[   39.789732] systemd[1]: Started Load Kernel Modules.
[[0;32m  OK  [0m] Started Load Kernel Modules.
[   39.847397] systemd[1]: Started Create list of required static device nodes for the current kernel.
[[0;32m  OK  [0m] Started Create list of required sta...ce nodes for the current kernel.
[   39.930226] systemd[1]: Started Remount Root and Kernel File Systems.
[[0;32m  OK  [0m] Started Remount Root and Kernel File Systems.
[   39.984643] systemd[1]: Started Nameserver information manager.
[[0;32m  OK  [0m] Started Nameserver information manager.
[   40.049195] systemd[1]: Started Journal Service.
[[0;32m  OK  [0m] Started Journal Service.
[[0;32m  OK  [0m] Started LVM2 metadata daemon.
         Starting Initial cloud-init job (pre-networking)...
         Starting Flush Journal to Persistent Storage...
         Starting udev Coldplug all Devices...
         Starting Load/Save Random Seed...
         Starting Create Static Device Nodes in /dev...
         Starting Apply Kernel Variables...
         Mounting FUSE Control File System...
[[0;32m  OK  [0m] Mounted FUSE Control File System.
[[0;32m  OK  [0m] Started Load/Save Random Seed.
[[0;32m  OK  [0m] Started Monitoring of LVM2 mirrors,...ng dmeventd or progress polling.
[[0;32m  OK  [0m] Started Flush Journal to Persistent Storage.
[[0;32m  OK  [0m] Started Apply Kernel Variables.
[[0;32m  OK  [0m] Started Create Static Device Nodes in /dev.
[[0;32m  OK  [0m] Started udev Coldplug all Devices.
         Starting udev Kernel Device Manager...
[[0;32m  OK  [0m] Started udev Kernel Device Manager.
[[0;32m  OK  [0m] Started Dispatch Password Requests to Console Directory Watch.
[[0;32m  OK  [0m] Reached target Local File Systems (Pre).
[[0;32m  OK  [0m] Reached target Local File Systems.
         Starting Tell Plymouth To Write Out Runtime Data...
         Starting LSB: AppArmor initialization...
         Starting Set console font and keymap...
         Starting Create Volatile Files and Directories...
[[0;32m  OK  [0m] Started Tell Plymouth To Write Out Runtime Data.
[[0;32m  OK  [0m] Started Create Volatile Files and Directories.
[[0;32m  OK  [0m] Reached target System Time Synchronized.
         Starting Update UTMP about System Boot/Shutdown...
[[0;32m  OK  [0m] Found device /dev/ttyS0.
[[0;32m  OK  [0m] Started Update UTMP about System Boot/Shutdown.
[[0;32m  OK  [0m] Started Set console font and keymap.
[[0;32m  OK  [0m] Created slice system-getty.slice.
[[0;32m  OK  [0m] Listening on Load/Save RF Kill Switch Status /dev/rfkill Watch.
[[0;32m  OK  [0m] Started LSB: AppArmor initialization.
[[0;32m  OK  [0m] Found device 82540EM Gigabit Ethern...r (PRO/1000 MT Desktop Adapter).
[[0;32m  OK  [0m] Found device 82540EM Gigabit Ethern...r (PRO/1000 MT Desktop Adapter).
[   39.034628] cloud-init[423]: Cloud-init v. 17.1 running 'init-local' at Sat, 03 Mar 2018 08:03:27 +0000. Up 37.41 seconds.
[[0;32m  OK  [0m] Started Initial cloud-init job (pre-networking).
[[0;32m  OK  [0m] Reached target Network (Pre).
[[0;32m  OK  [0m] Started ifup for enp0s3.
[[0;32m  OK  [0m] Started ifup for enp0s8.
         Starting Raise network interfaces...
[[0;32m  OK  [0m] Started Raise network interfaces.
         Starting Initial cloud-init job (metadata service crawler)...
[[0;32m  OK  [0m] Reached target Network.
[   44.858560] cloud-init[1065]: Cloud-init v. 17.1 running 'init' at Sat, 03 Mar 2018 08:03:32 +0000. Up 42.87 seconds.
[   45.006813] cloud-init[1065]: ci-info: ++++++++++++++++++++++++++++++++++++++Net device info++++++++++++++++++++++++++++++++++++++
[   45.132859] cloud-init[1065]: ci-info: +--------+------+-----------------------------+---------------+-------+-------------------+
[[0;32m  OK  [0m] Started Initial cloud-init job (metadata service crawler).
[   45.212485] cloud-init[1065]: ci-info: | Device |  Up  |           Address           |      Mask     | Scope |     Hw-Address    |
[   45.320460] cloud-init[1065]: ci-info: +--------+------+-----------------------------+---------------+-------+-------------------+
[   45.376467] cloud-init[1065]: ci-info: | enp0s3 | True |          10.0.2.15          | 255.255.255.0 |   .   | 02:57:70:43:80:c6 |
[[0;32m  OK  [0m] Reached target System Initialization.
[   45.450786] cloud-init[1065]: ci-info: | enp0s3 | True |  fe80::57:70ff:fe43:80c6/64 |       .       |  link | 02:57:70:43:80:c6 |
[   45.532407] cloud-init[1065]: ci-info: | enp0s8 | True |        10.11.215.225        | 255.255.255.0 |   .   | 08:00:27:84:7c:53 |
[[0;32m  OK  [0m] Started Timer to automatically refresh installed snaps.
[   45.592418] cloud-init[1065]: ci-info: | enp0s8 | True | fe80::a00:27ff:fe84:7c53/64 |       .       |  link | 08:00:27:84:7c:53 |
[[0;32m  OK  [0m] Started Daily Cleanup of Temporary Directories.
[   45.690930] [[0;32m  OK  [0m] Listening on ACPID Listen Socket.
cloud-init[1065]: ci-info: |   lo   | True |          127.0.0.1          |   255.0.0.0   |   .   |         .         |
[   45.820535] cloud-init[1065]: ci-info: |   lo   | True |           ::1/128           |       .       |  host |         .         |
[   45.896590] cloud-init[1065]: ci-info: +--------+------+-----------------------------+---------------+-------+-------------------+
         Starting LXD - unix socket.
[   45.973590] cloud-init[1065]: ci-info: +++++++++++++++++++++++++++Route IPv4 info++++++++++++++++++++++++++++
[   46.064434] cloud-init[1065]: ci-info: +-------+-------------+----------+---------------+-----------+-------+
[[0;32m  OK  [0m] Started ACPI Events Check.
[   46.123997] cloud-init[1065]: ci-info: | Route | Destination | Gateway  |    Genmask    | Interface | Flags |
[[0;32m  OK  [0m] Reached target Paths.
[   46.211395] cloud-init[1065]: ci-info: +-------+-------------+----------+---------------+-----------+-------+
[[0;32m  OK  [0m] Listening on D-Bus System Message Bus Socket.
[   46.316398] cloud-init[1065]: ci-info: |   0   |   0.0.0.0   | 10.0.2.2 |    0.0.0.0    |   enp0s3  |   UG  |
[   46.424713] cloud-init[1065]: ci-info: |   1   |   10.0.2.0  | 0.0.0.0  | 255.255.255.0 |   enp0s3  |   U   |
[   46.478763] cloud-init[1065]: ci-info: |   2   | 10.11.215.0 | 0.0.0.0  | 255.255.255.0 |   enp0s8  |   U   |
         Starting Socket activation for snappy daemon.
[   46.527071] cloud-init[1065]: ci-info: +-------+-------------+----------+---------------+-----------+-------+
[[0;32m  OK  [0m] Listening on UUID daemon activation socket.
[[0;32m  OK  [0m] Reached target Cloud-config availability.
[[0;32m  OK  [0m] Reached target Network is Online.
         Starting iSCSI initiator daemon (iscsid)...
[[0;32m  OK  [0m] Started Daily apt download activities.
[[0;32m  OK  [0m] Started Daily apt upgrade and clean activities.
[[0;32m  OK  [0m] Reached target Timers.
[[0;32m  OK  [0m] Listening on LXD - unix socket.
[[0;32m  OK  [0m] Listening on Socket activation for snappy daemon.
[[0;32m  OK  [0m] Started iSCSI initiator daemon (iscsid).
         Starting Login to default iSCSI targets...
[[0;32m  OK  [0m] Reached target Sockets.
[[0;32m  OK  [0m] Reached target Basic System.
         Starting Apply the settings specified in cloud-config...
         Starting A high performance web server and a reverse proxy server...
[[0;32m  OK  [0m] Started FUSE filesystem for LXC.
[[0;32m  OK  [0m] Started Unattended Upgrades Shutdown.
         Starting The PHP 7.0 FastCGI Process Manager...
         Starting System Logging Service...
         Starting MySQL Community Server...
         Starting Accounts Service...
[[0;32m  OK  [0m] Started D-Bus System Message Bus.
[   49.363808] cloud-init[1127]: Cloud-init v. 17.1 running 'modules:config' at Sat, 03 Mar 2018 08:03:38 +0000. Up 48.58 seconds.
         Starting LSB: MD monitoring daemon...
         Starting /etc/rc.local Compatibility...
         Starting LSB: Record successful boot for GRUB...
[[0;32m  OK  [0m] Started Regular background program processing daemon.
         Starting OpenBSD Secure Shell server...
[[0;32m  OK  [0m] Started Deferred execution scheduler.
         Starting LXD - container startup/shutdown...
[[0;32m  OK  [0m] Started ACPI event daemon.
         Starting Snappy daemon...
         Starting Login Service...
[[0;32m  OK  [0m] Started System Logging Service.
[[0;32m  OK  [0m] Started Apply the settings specified in cloud-config.
[[0;32m  OK  [0m] Started /etc/rc.local Compatibility.
[[0;32m  OK  [0m] Started A high performance web server and a reverse proxy server.
         Starting Authenticate and Authorize Users to Run Privileged Tasks...
[[0;32m  OK  [0m] Started Login to default iSCSI targets.
[[0;32m  OK  [0m] Started Login Service.
[[0;32m  OK  [0m] Reached target Remote File Systems (Pre).
[[0;32m  OK  [0m] Reached target Remote File Systems.
         Starting Permit User Sessions...
         Starting LSB: automatic crash report generation...
         Starting LSB: daemon to balance interrupts for SMP systems...
         Starting LSB: Set the CPU Frequency Scaling governor to "ondemand"...
         Starting LSB: VirtualBox Linux Additions...
[[0;32m  OK  [0m] Started OpenBSD Secure Shell server.
[[0;32m  OK  [0m] Started LSB: MD monitoring daemon.
[[0;32m  OK  [0m] Started LSB: Record successful boot for GRUB.
[[0;32m  OK  [0m] Started Permit User Sessions.
[[0;32m  OK  [0m] Started Authenticate and Authorize Users to Run Privileged Tasks.
[[0;32m  OK  [0m] Started Accounts Service.
         Starting Hold until boot process finishes up...
         Starting Terminate Plymouth Boot Screen...
[[0;32m  OK  [0m] Started Hold until boot process finishes up.
[[0;32m  OK  [0m] Started LSB: Set the CPU Frequency Scaling governor to "ondemand".
[[0;32m  OK  [0m] Started Terminate Plymouth Boot Screen.
         Starting Set console scheme...
[[0;32m  OK  [0m] Started Getty on tty1.
[[0;32m  OK  [0m] Started Serial Getty on ttyS0.
[[0;32m  OK  [0m] Reached target Login Prompts.
[[0;32m  OK  [0m] Started LSB: automatic crash report generation.
[[0;32m  OK  [0m] Started LSB: daemon to balance interrupts for SMP systems.
[[0;32m  OK  [0m] Started Set console scheme.
[[0;32m  OK  [0m] Started LXD - container startup/shutdown.
[[0;32m  OK  [0m] Started LSB: VirtualBox Linux Additions.
[[0;32m  OK  [0m] Started Snappy daemon.
[[0;32m  OK  [0m] Started The PHP 7.0 FastCGI Process Manager.

Ubuntu 16.04.3 LTS ubuntu-xenial ttyS0

ubuntu-xenial login: [   61.473637] cloud-init[1406]: Cloud-init v. 17.1 running 'modules:final' at Sat, 03 Mar 2018 08:03:50 +0000. Up 60.94 seconds.
[   61.474521] cloud-init[1406]: Cloud-init v. 17.1 finished at Sat, 03 Mar 2018 08:03:51 +0000. Datasource DataSourceNoCloud [seed=/dev/sdb][dsmode=net].  Up 61.46 seconds
         Stopping Session 7 of user ubuntu.
         Stopping ACPI event daemon...
         Stopping Authenticate and Authorize Users to Run Privileged Tasks...
[[0;32m  OK  [0m] Stopped target Cloud-init target.
[[0;32m  OK  [0m] Stopped Execute cloud user/final scripts.
[[0;32m  OK  [0m] Stopped target Graphical Interface.
         Stopping Accounts Service...
[[0;32m  OK  [0m] Stopped target Multi-User System.
         Stopping MySQL Community Server...
[[0;32m  OK  [0m] Stopped target Login Prompts.
         Stopping Getty on tty1...
         Stopping Serial Getty on ttyS0...
         Stopping LSB: VirtualBox Linux Additions...
         Stopping OpenBSD Secure Shell server...
         Stopping System Logging Service...
         Stopping FUSE filesystem for LXC...
         Stopping D-Bus System Message Bus...
         Stopping LSB: Set the CPU Frequency Scaling governor to "ondemand"...
         Stopping The PHP 7.0 FastCGI Process Manager...
         Stopping Regular background program processing daemon...
         Stopping LXD - container startup/shutdown...
         Stopping LSB: Record successful boot for GRUB...
[[0;32m  OK  [0m] Stopped Apply the settings specified in cloud-config.
[[0;32m  OK  [0m] Stopped target Cloud-config availability.
         Stopping LSB: daemon to balance interrupts for SMP systems...
         Stopping Deferred execution scheduler...
[[0;32m  OK  [0m] Closed Load/Save RF Kill Switch Status /dev/rfkill Watch.
[[0;32m  OK  [0m] Stopped target Timers.
[[0;32m  OK  [0m] Stopped Timer to automatically refresh installed snaps.
[[0;32m  OK  [0m] Stopped Daily apt upgrade and clean activities.
[[0;32m  OK  [0m] Stopped Daily Cleanup of Temporary Directories.
[[0;32m  OK  [0m] Stopped Daily apt download activities.
[[0;32m  OK  [0m] Stopped target System Time Synchronized.
         Stopping Snappy daemon...
         Stopping LSB: MD monitoring daemon...
         Stopping User Manager for UID 1000...
         Stopping A high performance web server and a reverse proxy server...
         Stopping LSB: automatic crash report generation...
         Stopping Unattended Upgrades Shutdown...
[[0;32m  OK  [0m] Unmounted /var/lib/lxcfs.
[[0;32m  OK  [0m] Stopped System Logging Service.
[[0;32m  OK  [0m] Stopped Accounts Service.
[[0;32m  OK  [0m] Stopped Regular background program processing daemon.
[[0;32m  OK  [0m] Stopped OpenBSD Secure Shell server.
[[0;32m  OK  [0m] Stopped Deferred execution scheduler.
[[0;32m  OK  [0m] Stopped ACPI event daemon.
[[0;32m  OK  [0m] Stopped Snappy daemon.
[[0;32m  OK  [0m] Stopped Authenticate and Authorize Users to Run Privileged Tasks.
[[0;32m  OK  [0m] Stopped Getty on tty1.
[[0;32m  OK  [0m] Stopped Serial Getty on ttyS0.
[[0;32m  OK  [0m] Stopped The PHP 7.0 FastCGI Process Manager.
[[0;32m  OK  [0m] Stopped User Manager for UID 1000.
[[0;32m  OK  [0m] Stopped Session 7 of user ubuntu.
[[0;32m  OK  [0m] Stopped D-Bus System Message Bus.
[[0;32m  OK  [0m] Stopped A high performance web server and a reverse proxy server.
[[0;32m  OK  [0m] Stopped Unattended Upgrades Shutdown.
[[0;32m  OK  [0m] Stopped FUSE filesystem for LXC.
[[0;32m  OK  [0m] Stopped LXD - container startup/shutdown.
[[0;32m  OK  [0m] Stopped LSB: Set the CPU Frequency Scaling governor to "ondemand".
[[0;32m  OK  [0m] Removed slice User Slice of ubuntu.
         Stopping Login Service...
[[0;32m  OK  [0m] Removed slice system-serial\x2dgetty.slice.
[[0;32m  OK  [0m] Removed slice system-getty.slice.
         Stopping Permit User Sessions...
[[0;32m  OK  [0m] Stopped /etc/rc.local Compatibility.
[[0;32m  OK  [0m] Stopped Login Service.
[[0;32m  OK  [0m] Stopped LSB: Record successful boot for GRUB.
[[0;32m  OK  [0m] Stopped LSB: VirtualBox Linux Additions.
[[0;32m  OK  [0m] Stopped LSB: daemon to balance interrupts for SMP systems.
[[0;32m  OK  [0m] Stopped LSB: MD monitoring daemon.
[[0;32m  OK  [0m] Stopped LSB: automatic crash report generation.
[[0;32m  OK  [0m] Stopped Permit User Sessions.
[[0;32m  OK  [0m] Stopped target Remote File Systems.
[[0;32m  OK  [0m] Stopped target Remote File Systems (Pre).
         Stopping Login to default iSCSI targets...
[[0;32m  OK  [0m] Stopped target User and Group Name Lookups.
[[0;32m  OK  [0m] Stopped MySQL Community Server.
[[0;32m  OK  [0m] Stopped target Basic System.
[[0;32m  OK  [0m] Stopped target Slices.
[[0;32m  OK  [0m] Removed slice User and Session Slice.
[[0;32m  OK  [0m] Stopped target Paths.
[[0;32m  OK  [0m] Stopped ACPI Events Check.
[[0;32m  OK  [0m] Stopped Forward Password Requests to Wall Directory Watch.
[[0;32m  OK  [0m] Stopped Dispatch Password Requests to Console Directory Watch.
[[0;32m  OK  [0m] Stopped target Sockets.
[[0;32m  OK  [0m] Closed ACPID Listen Socket.
[[0;32m  OK  [0m] Closed UUID daemon activation socket.
[[0;32m  OK  [0m] Closed D-Bus System Message Bus Socket.
[[0;32m  OK  [0m] Closed Syslog Socket.
[[0;32m  OK  [0m] Closed Socket activation for snappy daemon.
[[0;32m  OK  [0m] Closed LXD - unix socket.
[[0;32m  OK  [0m] Stopped target System Initialization.
[[0;32m  OK  [0m] Stopped target Swap.
[[0;32m  OK  [0m] Stopped target Encrypted Volumes.
         Stopping Load/Save Random Seed...
[[0;32m  OK  [0m] Stopped Create Volatile Files and Directories.
[[0;32m  OK  [0m] Stopped Load/Save Random Seed.
[[0;32m  OK  [0m] Stopped Login to default iSCSI targets.
         Stopping iSCSI initiator daemon (iscsid)...
[[0;32m  OK  [0m] Stopped iSCSI initiator daemon (iscsid).
[[0;32m  OK  [0m] Stopped target Network is Online.
[[0;32m  OK  [0m] Stopped Initial cloud-init job (metadata service crawler).
[[0;32m  OK  [0m] Stopped target Network.
         Stopping Raise network interfaces...
[[0;32m  OK  [0m] Stopped Raise network interfaces.
[[0;32m  OK  [0m] Stopped target Network (Pre).
[[0;32m  OK  [0m] Stopped Initial cloud-init job (pre-networking).
[[0;32m  OK  [0m] Stopped Apply Kernel Variables.
[[0;32m  OK  [0m] Stopped target Local File Systems.
         Unmounting /run/user/1000...
[[0;32m  OK  [0m] Stopped Load Kernel Modules.
[[0;32m  OK  [0m] Unmounted /run/user/1000.
[[0;32m  OK  [0m] Reached target Unmount All Filesystems.
[[0;32m  OK  [0m] Stopped target Local File Systems (Pre).
[[0;32m  OK  [0m] Stopped Remount Root and Kernel File Systems.
         Stopping Monitoring of LVM2 mirrors... dmeventd or progress polling...
[[0;32m  OK  [0m] Stopped Create Static Device Nodes in /dev.
[[0;32m  OK  [0m] Reached target Shutdown.
[ 6106.733703] reboot: Power down
